<?xml version="1.0" encoding="UTF-8"?>
<!-- Generated by org.testng.reporters.JUnitReportReporter -->
<testsuite skipped="0" hostname="DESKTOP-I27NA7P" name="Testmethods.OnemgclassTest" tests="1" failures="0" timestamp="09 Jul 2021 18:20:00 GMT" time="86.236" errors="0">
  <testcase name="registration" time="86.236" classname="Testmethods.OnemgclassTest"/>
</testsuite> <!-- Testmethods.OnemgclassTest -->
