<?xml version="1.0" encoding="UTF-8"?>
<!-- Generated by org.testng.reporters.JUnitReportReporter -->
<testsuite hostname="DESKTOP-I27NA7P" failures="0" tests="1" name="Testmethods.Testtable" time="15.354" errors="0" timestamp="25 Oct 2021 04:21:54 GMT" skipped="0">
  <testcase classname="Testmethods.Testtable" name="registration" time="15.354"/>
</testsuite> <!-- Testmethods.Testtable -->
