<?xml version="1.0" encoding="UTF-8"?>
<!-- Generated by org.testng.reporters.JUnitReportReporter -->
<testsuite hostname="DESKTOP-I27NA7P" failures="0" tests="1" name="Testmethods.Testrediff" time="15.076" errors="0" timestamp="29 Oct 2021 14:17:49 GMT" skipped="0">
  <testcase classname="Testmethods.Testrediff" name="registration" time="15.076"/>
</testsuite> <!-- Testmethods.Testrediff -->
