<?xml version="1.0" encoding="UTF-8"?>
<!-- Generated by org.testng.reporters.JUnitReportReporter -->
<testsuite hostname="DESKTOP-I27NA7P" failures="0" tests="1" name="Testmethods.Testssvm" time="33.532" errors="0" timestamp="24 Oct 2021 18:53:11 GMT" skipped="0">
  <testcase classname="Testmethods.Testssvm" name="registration" time="33.532"/>
</testsuite> <!-- Testmethods.Testssvm -->
