<?xml version="1.0" encoding="UTF-8"?>
<!-- Generated by org.testng.reporters.JUnitReportReporter -->
<testsuite skipped="0" hostname="DESKTOP-I27NA7P" name="Testmethods.Bulbtest" tests="1" failures="0" timestamp="30 Jul 2021 17:58:27 GMT" time="31.658" errors="0">
  <testcase name="scroll" time="31.658" classname="Testmethods.Bulbtest"/>
</testsuite> <!-- Testmethods.Bulbtest -->
