<?xml version="1.0" encoding="UTF-8"?>
<!-- Generated by org.testng.reporters.JUnitReportReporter -->
<testsuite skipped="0" hostname="DESKTOP-I27NA7P" name="Testmethods.OnemgclassTest" tests="1" failures="0" timestamp="25 Jul 2021 16:08:39 GMT" time="109.533" errors="0">
  <testcase name="registration" time="109.533" classname="Testmethods.OnemgclassTest"/>
</testsuite> <!-- Testmethods.OnemgclassTest -->
